<?xml version="1.0" encoding="UTF-8"?>
<!-- Generated by org.testng.reporters.JUnitReportReporter -->
<testsuite hostname="Taseers-MacBook-Pro.local" failures="0" tests="1" name="PostCodeTest" time="0.829" errors="0" timestamp="29 Apr 2021 17:04:55 GMT">
  <testcase classname="PostCodeTest" name="invalidPostCodeStatusCodeVerification" time="0.829"/>
</testsuite> <!-- PostCodeTest -->
